<?xml version="1.0" encoding="UTF-8"?>
<testsuite xmlns:xsi="http://www.w3.org/2001/XMLSchema-instance" xsi:noNamespaceSchemaLocation="https://maven.apache.org/surefire/maven-surefire-plugin/xsd/surefire-test-report.xsd" name="kr.bit.controller.BoardControllerTest" time="7.982" tests="1" errors="1" skipped="0" failures="0">
  <properties>
    <property name="sun.desktop" value="windows"/>
    <property name="awt.toolkit" value="sun.awt.windows.WToolkit"/>
    <property name="file.encoding.pkg" value="sun.io"/>
    <property name="java.specification.version" value="1.8"/>
    <property name="sun.cpu.isalist" value="amd64"/>
    <property name="sun.jnu.encoding" value="MS949"/>
    <property name="java.class.path" value="C:\Users\yuisb\git\tripfriends\project001\target\test-classes;C:\Users\yuisb\git\tripfriends\project001\target\classes;C:\eGovFrame-4.0.0\maven\repository\org\springframework\spring-context\5.0.7.RELEASE\spring-context-5.0.7.RELEASE.jar;C:\eGovFrame-4.0.0\maven\repository\org\springframework\spring-aop\5.0.7.RELEASE\spring-aop-5.0.7.RELEASE.jar;C:\eGovFrame-4.0.0\maven\repository\org\springframework\spring-beans\5.0.7.RELEASE\spring-beans-5.0.7.RELEASE.jar;C:\eGovFrame-4.0.0\maven\repository\org\springframework\spring-core\5.0.7.RELEASE\spring-core-5.0.7.RELEASE.jar;C:\eGovFrame-4.0.0\maven\repository\org\springframework\spring-jcl\5.0.7.RELEASE\spring-jcl-5.0.7.RELEASE.jar;C:\eGovFrame-4.0.0\maven\repository\org\springframework\spring-expression\5.0.7.RELEASE\spring-expression-5.0.7.RELEASE.jar;C:\eGovFrame-4.0.0\maven\repository\org\springframework\spring-webmvc\5.0.7.RELEASE\spring-webmvc-5.0.7.RELEASE.jar;C:\eGovFrame-4.0.0\maven\repository\org\springframework\spring-web\5.0.7.RELEASE\spring-web-5.0.7.RELEASE.jar;C:\eGovFrame-4.0.0\maven\repository\org\springframework\spring-test\5.0.7.RELEASE\spring-test-5.0.7.RELEASE.jar;C:\eGovFrame-4.0.0\maven\repository\org\aspectj\aspectjrt\1.6.10\aspectjrt-1.6.10.jar;C:\eGovFrame-4.0.0\maven\repository\org\slf4j\slf4j-api\1.6.6\slf4j-api-1.6.6.jar;C:\eGovFrame-4.0.0\maven\repository\org\slf4j\jcl-over-slf4j\1.6.6\jcl-over-slf4j-1.6.6.jar;C:\eGovFrame-4.0.0\maven\repository\org\slf4j\slf4j-log4j12\1.6.6\slf4j-log4j12-1.6.6.jar;C:\eGovFrame-4.0.0\maven\repository\log4j\log4j\1.2.17\log4j-1.2.17.jar;C:\eGovFrame-4.0.0\maven\repository\javax\inject\javax.inject\1\javax.inject-1.jar;C:\eGovFrame-4.0.0\maven\repository\javax\servlet\javax.servlet-api\3.1.0\javax.servlet-api-3.1.0.jar;C:\eGovFrame-4.0.0\maven\repository\javax\servlet\jsp\jsp-api\2.1\jsp-api-2.1.jar;C:\eGovFrame-4.0.0\maven\repository\javax\servlet\jstl\1.2\jstl-1.2.jar;C:\eGovFrame-4.0.0\maven\repository\junit\junit\4.12\junit-4.12.jar;C:\eGovFrame-4.0.0\maven\repository\org\hamcrest\hamcrest-core\1.3\hamcrest-core-1.3.jar;C:\eGovFrame-4.0.0\maven\repository\mysql\mysql-connector-java\5.1.49\mysql-connector-java-5.1.49.jar;C:\eGovFrame-4.0.0\maven\repository\org\springframework\spring-jdbc\5.0.7.RELEASE\spring-jdbc-5.0.7.RELEASE.jar;C:\eGovFrame-4.0.0\maven\repository\org\springframework\spring-tx\5.0.7.RELEASE\spring-tx-5.0.7.RELEASE.jar;C:\eGovFrame-4.0.0\maven\repository\com\zaxxer\HikariCP\3.3.1\HikariCP-3.3.1.jar;C:\eGovFrame-4.0.0\maven\repository\org\mybatis\mybatis\3.4.6\mybatis-3.4.6.jar;C:\eGovFrame-4.0.0\maven\repository\org\mybatis\mybatis-spring\1.3.2\mybatis-spring-1.3.2.jar;C:\eGovFrame-4.0.0\maven\repository\org\projectlombok\lombok\1.18.12\lombok-1.18.12.jar;C:\eGovFrame-4.0.0\maven\repository\com\fasterxml\jackson\core\jackson-databind\2.9.8\jackson-databind-2.9.8.jar;C:\eGovFrame-4.0.0\maven\repository\com\fasterxml\jackson\core\jackson-annotations\2.9.0\jackson-annotations-2.9.0.jar;C:\eGovFrame-4.0.0\maven\repository\com\fasterxml\jackson\core\jackson-core\2.9.8\jackson-core-2.9.8.jar;C:\eGovFrame-4.0.0\maven\repository\com\servlets\cos\09May2002\cos-09May2002.jar;C:\eGovFrame-4.0.0\maven\repository\commons-fileupload\commons-fileupload\1.4\commons-fileupload-1.4.jar;C:\eGovFrame-4.0.0\maven\repository\commons-io\commons-io\2.2\commons-io-2.2.jar;C:\eGovFrame-4.0.0\maven\repository\org\springframework\security\spring-security-web\5.0.2.RELEASE\spring-security-web-5.0.2.RELEASE.jar;C:\eGovFrame-4.0.0\maven\repository\org\springframework\security\spring-security-core\5.0.2.RELEASE\spring-security-core-5.0.2.RELEASE.jar;C:\eGovFrame-4.0.0\maven\repository\org\springframework\security\spring-security-config\5.0.2.RELEASE\spring-security-config-5.0.2.RELEASE.jar;C:\eGovFrame-4.0.0\maven\repository\org\springframework\security\spring-security-taglibs\5.0.2.RELEASE\spring-security-taglibs-5.0.2.RELEASE.jar;C:\eGovFrame-4.0.0\maven\repository\org\springframework\security\spring-security-acl\5.0.2.RELEASE\spring-security-acl-5.0.2.RELEASE.jar;"/>
    <property name="java.vm.vendor" value=""/>
    <property name="sun.arch.data.model" value="64"/>
    <property name="user.variant" value=""/>
    <property name="java.vendor.url" value="http://java.oracle.com/"/>
    <property name="user.timezone" value="Asia/Seoul"/>
    <property name="java.vm.specification.version" value="1.8"/>
    <property name="os.name" value="Windows 10"/>
    <property name="user.country" value="KR"/>
    <property name="sun.java.launcher" value="SUN_STANDARD"/>
    <property name="sun.boot.library.path" value="C:\eGovFrame-4.0.0\bin\jdk8u242-b08\jre\bin"/>
    <property name="sun.java.command" value="C:\Users\yuisb\AppData\Local\Temp\surefire5572325044551906399\surefirebooter6539844208148402302.jar C:\Users\yuisb\AppData\Local\Temp\surefire5572325044551906399 2025-02-25T15-54-12_912-jvmRun1 surefire8930260193989030356tmp surefire_06455372266224349890tmp"/>
    <property name="surefire.test.class.path" value="C:\Users\yuisb\git\tripfriends\project001\target\test-classes;C:\Users\yuisb\git\tripfriends\project001\target\classes;C:\eGovFrame-4.0.0\maven\repository\org\springframework\spring-context\5.0.7.RELEASE\spring-context-5.0.7.RELEASE.jar;C:\eGovFrame-4.0.0\maven\repository\org\springframework\spring-aop\5.0.7.RELEASE\spring-aop-5.0.7.RELEASE.jar;C:\eGovFrame-4.0.0\maven\repository\org\springframework\spring-beans\5.0.7.RELEASE\spring-beans-5.0.7.RELEASE.jar;C:\eGovFrame-4.0.0\maven\repository\org\springframework\spring-core\5.0.7.RELEASE\spring-core-5.0.7.RELEASE.jar;C:\eGovFrame-4.0.0\maven\repository\org\springframework\spring-jcl\5.0.7.RELEASE\spring-jcl-5.0.7.RELEASE.jar;C:\eGovFrame-4.0.0\maven\repository\org\springframework\spring-expression\5.0.7.RELEASE\spring-expression-5.0.7.RELEASE.jar;C:\eGovFrame-4.0.0\maven\repository\org\springframework\spring-webmvc\5.0.7.RELEASE\spring-webmvc-5.0.7.RELEASE.jar;C:\eGovFrame-4.0.0\maven\repository\org\springframework\spring-web\5.0.7.RELEASE\spring-web-5.0.7.RELEASE.jar;C:\eGovFrame-4.0.0\maven\repository\org\springframework\spring-test\5.0.7.RELEASE\spring-test-5.0.7.RELEASE.jar;C:\eGovFrame-4.0.0\maven\repository\org\aspectj\aspectjrt\1.6.10\aspectjrt-1.6.10.jar;C:\eGovFrame-4.0.0\maven\repository\org\slf4j\slf4j-api\1.6.6\slf4j-api-1.6.6.jar;C:\eGovFrame-4.0.0\maven\repository\org\slf4j\jcl-over-slf4j\1.6.6\jcl-over-slf4j-1.6.6.jar;C:\eGovFrame-4.0.0\maven\repository\org\slf4j\slf4j-log4j12\1.6.6\slf4j-log4j12-1.6.6.jar;C:\eGovFrame-4.0.0\maven\repository\log4j\log4j\1.2.17\log4j-1.2.17.jar;C:\eGovFrame-4.0.0\maven\repository\javax\inject\javax.inject\1\javax.inject-1.jar;C:\eGovFrame-4.0.0\maven\repository\javax\servlet\javax.servlet-api\3.1.0\javax.servlet-api-3.1.0.jar;C:\eGovFrame-4.0.0\maven\repository\javax\servlet\jsp\jsp-api\2.1\jsp-api-2.1.jar;C:\eGovFrame-4.0.0\maven\repository\javax\servlet\jstl\1.2\jstl-1.2.jar;C:\eGovFrame-4.0.0\maven\repository\junit\junit\4.12\junit-4.12.jar;C:\eGovFrame-4.0.0\maven\repository\org\hamcrest\hamcrest-core\1.3\hamcrest-core-1.3.jar;C:\eGovFrame-4.0.0\maven\repository\mysql\mysql-connector-java\5.1.49\mysql-connector-java-5.1.49.jar;C:\eGovFrame-4.0.0\maven\repository\org\springframework\spring-jdbc\5.0.7.RELEASE\spring-jdbc-5.0.7.RELEASE.jar;C:\eGovFrame-4.0.0\maven\repository\org\springframework\spring-tx\5.0.7.RELEASE\spring-tx-5.0.7.RELEASE.jar;C:\eGovFrame-4.0.0\maven\repository\com\zaxxer\HikariCP\3.3.1\HikariCP-3.3.1.jar;C:\eGovFrame-4.0.0\maven\repository\org\mybatis\mybatis\3.4.6\mybatis-3.4.6.jar;C:\eGovFrame-4.0.0\maven\repository\org\mybatis\mybatis-spring\1.3.2\mybatis-spring-1.3.2.jar;C:\eGovFrame-4.0.0\maven\repository\org\projectlombok\lombok\1.18.12\lombok-1.18.12.jar;C:\eGovFrame-4.0.0\maven\repository\com\fasterxml\jackson\core\jackson-databind\2.9.8\jackson-databind-2.9.8.jar;C:\eGovFrame-4.0.0\maven\repository\com\fasterxml\jackson\core\jackson-annotations\2.9.0\jackson-annotations-2.9.0.jar;C:\eGovFrame-4.0.0\maven\repository\com\fasterxml\jackson\core\jackson-core\2.9.8\jackson-core-2.9.8.jar;C:\eGovFrame-4.0.0\maven\repository\com\servlets\cos\09May2002\cos-09May2002.jar;C:\eGovFrame-4.0.0\maven\repository\commons-fileupload\commons-fileupload\1.4\commons-fileupload-1.4.jar;C:\eGovFrame-4.0.0\maven\repository\commons-io\commons-io\2.2\commons-io-2.2.jar;C:\eGovFrame-4.0.0\maven\repository\org\springframework\security\spring-security-web\5.0.2.RELEASE\spring-security-web-5.0.2.RELEASE.jar;C:\eGovFrame-4.0.0\maven\repository\org\springframework\security\spring-security-core\5.0.2.RELEASE\spring-security-core-5.0.2.RELEASE.jar;C:\eGovFrame-4.0.0\maven\repository\org\springframework\security\spring-security-config\5.0.2.RELEASE\spring-security-config-5.0.2.RELEASE.jar;C:\eGovFrame-4.0.0\maven\repository\org\springframework\security\spring-security-taglibs\5.0.2.RELEASE\spring-security-taglibs-5.0.2.RELEASE.jar;C:\eGovFrame-4.0.0\maven\repository\org\springframework\security\spring-security-acl\5.0.2.RELEASE\spring-security-acl-5.0.2.RELEASE.jar;"/>
    <property name="sun.cpu.endian" value="little"/>
    <property name="user.home" value="C:\Users\yuisb"/>
    <property name="user.language" value="ko"/>
    <property name="java.specification.vendor" value="Oracle Corporation"/>
    <property name="java.home" value="C:\eGovFrame-4.0.0\bin\jdk8u242-b08\jre"/>
    <property name="basedir" value="C:\Users\yuisb\git\tripfriends\project001"/>
    <property name="file.separator" value="\"/>
    <property name="line.separator" value="&#10;"/>
    <property name="java.vm.specification.vendor" value="Oracle Corporation"/>
    <property name="java.specification.name" value="Java Platform API Specification"/>
    <property name="java.awt.graphicsenv" value="sun.awt.Win32GraphicsEnvironment"/>
    <property name="surefire.real.class.path" value="C:\Users\yuisb\AppData\Local\Temp\surefire5572325044551906399\surefirebooter6539844208148402302.jar"/>
    <property name="sun.boot.class.path" value="C:\eGovFrame-4.0.0\bin\jdk8u242-b08\jre\lib\resources.jar;C:\eGovFrame-4.0.0\bin\jdk8u242-b08\jre\lib\rt.jar;C:\eGovFrame-4.0.0\bin\jdk8u242-b08\jre\lib\sunrsasign.jar;C:\eGovFrame-4.0.0\bin\jdk8u242-b08\jre\lib\jsse.jar;C:\eGovFrame-4.0.0\bin\jdk8u242-b08\jre\lib\jce.jar;C:\eGovFrame-4.0.0\bin\jdk8u242-b08\jre\lib\charsets.jar;C:\eGovFrame-4.0.0\bin\jdk8u242-b08\jre\lib\jfr.jar;C:\eGovFrame-4.0.0\bin\jdk8u242-b08\jre\classes"/>
    <property name="user.script" value=""/>
    <property name="sun.management.compiler" value="HotSpot 64-Bit Tiered Compilers"/>
    <property name="java.runtime.version" value="1.8.0_242-b08"/>
    <property name="user.name" value="yuisb"/>
    <property name="path.separator" value=";"/>
    <property name="os.version" value="10.0"/>
    <property name="java.endorsed.dirs" value="C:\eGovFrame-4.0.0\bin\jdk8u242-b08\jre\lib\endorsed"/>
    <property name="java.runtime.name" value="OpenJDK Runtime Environment"/>
    <property name="file.encoding" value="MS949"/>
    <property name="java.vm.name" value="OpenJDK 64-Bit Server VM"/>
    <property name="localRepository" value="C:\eGovFrame-4.0.0\maven\repository"/>
    <property name="java.vendor.url.bug" value="http://bugreport.sun.com/bugreport/"/>
    <property name="java.io.tmpdir" value="C:\Users\yuisb\AppData\Local\Temp\"/>
    <property name="java.version" value="1.8.0_242"/>
    <property name="user.dir" value="C:\Users\yuisb\git\tripfriends\project001"/>
    <property name="os.arch" value="amd64"/>
    <property name="java.vm.specification.name" value="Java Virtual Machine Specification"/>
    <property name="java.awt.printerjob" value="sun.awt.windows.WPrinterJob"/>
    <property name="sun.os.patch.level" value=""/>
    <property name="java.library.path" value="C:\eGovFrame-4.0.0\bin\jdk8u242-b08\jre\bin;C:\WINDOWS\Sun\Java\bin;C:\WINDOWS\system32;C:\WINDOWS;C:\oraclexe\app\oracle\product\11.2.0\server\bin;;C:\Program Files\Common Files\Oracle\Java\javapath;C:\WINDOWS\system32;C:\WINDOWS;C:\WINDOWS\System32\Wbem;C:\WINDOWS\System32\WindowsPowerShell\v1.0\;C:\WINDOWS\System32\OpenSSH\;C:\Program Files\Bandizip\;C:\Program Files\dotnet\;C:\Program Files\MySQL\MySQL Shell 8.0\bin\;%USERPROFILE%\AppData\Local\Microsoft\WindowsApps;;."/>
    <property name="java.vm.info" value="mixed mode"/>
    <property name="java.vendor" value="AdoptOpenJDK"/>
    <property name="java.vm.version" value="25.242-b08"/>
    <property name="java.ext.dirs" value="C:\eGovFrame-4.0.0\bin\jdk8u242-b08\jre\lib\ext;C:\WINDOWS\Sun\Java\lib\ext"/>
    <property name="sun.io.unicode.encoding" value="UnicodeLittle"/>
    <property name="java.class.version" value="52.0"/>
  </properties>
  <testcase name="testList" classname="kr.bit.controller.BoardControllerTest" time="0.207">
    <error type="java.lang.NullPointerException">java.lang.NullPointerException
	at kr.bit.controller.BoardControllerTest.testList(BoardControllerTest.java:44)
</error>
    <system-out><![CDATA[INFO : org.springframework.test.context.web.WebTestContextBootstrapper - Loaded default TestExecutionListener class names from location [META-INF/spring.factories]: [org.springframework.test.context.web.ServletTestExecutionListener, org.springframework.test.context.support.DirtiesContextBeforeModesTestExecutionListener, org.springframework.test.context.support.DependencyInjectionTestExecutionListener, org.springframework.test.context.support.DirtiesContextTestExecutionListener, org.springframework.test.context.transaction.TransactionalTestExecutionListener, org.springframework.test.context.jdbc.SqlScriptsTestExecutionListener]
INFO : org.springframework.test.context.web.WebTestContextBootstrapper - Using TestExecutionListeners: [org.springframework.test.context.web.ServletTestExecutionListener@37d31475, org.springframework.test.context.support.DirtiesContextBeforeModesTestExecutionListener@27808f31, org.springframework.test.context.support.DependencyInjectionTestExecutionListener@436e852b, org.springframework.test.context.support.DirtiesContextTestExecutionListener@32d2fa64, org.springframework.test.context.transaction.TransactionalTestExecutionListener@1d8d30f7, org.springframework.test.context.jdbc.SqlScriptsTestExecutionListener@3e57cd70]
INFO : org.springframework.web.context.support.GenericWebApplicationContext - Refreshing org.springframework.web.context.support.GenericWebApplicationContext@1fc2b765: startup date [Tue Feb 25 15:54:18 KST 2025]; root of context hierarchy
INFO : org.springframework.beans.factory.support.DefaultListableBeanFactory - Overriding bean definition for bean 'multipartResolver' with a different definition: replacing [Root bean: class [null]; scope=; abstract=false; lazyInit=false; autowireMode=3; dependencyCheck=0; autowireCandidate=true; primary=false; factoryBeanName=securityConfig; factoryMethodName=multipartResolver; initMethodName=null; destroyMethodName=(inferred); defined in class path resource [kr/bit/config/SecurityConfig.class]] with [Root bean: class [null]; scope=; abstract=false; lazyInit=false; autowireMode=3; dependencyCheck=0; autowireCandidate=true; primary=false; factoryBeanName=servletConfig; factoryMethodName=multipartResolver; initMethodName=null; destroyMethodName=(inferred); defined in kr.bit.config.ServletConfig]
INFO : org.springframework.beans.factory.annotation.AutowiredAnnotationBeanPostProcessor - JSR-330 'javax.inject.Inject' annotation found and supported for autowiring
INFO : com.zaxxer.hikari.HikariDataSource - HikariPool-1 - Starting...
INFO : com.zaxxer.hikari.HikariDataSource - HikariPool-1 - Start completed.
인증매니저 시작
INFO : org.springframework.security.web.DefaultSecurityFilterChain - Creating filter chain: Ant [pattern='/css/**'], []
INFO : org.springframework.security.web.DefaultSecurityFilterChain - Creating filter chain: Ant [pattern='/images/**'], []
INFO : org.springframework.security.web.DefaultSecurityFilterChain - Creating filter chain: Ant [pattern='/resources/**'], []
INFO : org.springframework.security.web.DefaultSecurityFilterChain - Creating filter chain: Ant [pattern='/favicon.ico'], []
INFO : org.springframework.security.web.DefaultSecurityFilterChain - Creating filter chain: org.springframework.security.web.util.matcher.AnyRequestMatcher@1, [org.springframework.security.web.context.request.async.WebAsyncManagerIntegrationFilter@24fb6a80, org.springframework.security.web.context.SecurityContextPersistenceFilter@71984c3, org.springframework.security.web.header.HeaderWriterFilter@7d3430a7, org.springframework.web.filter.CharacterEncodingFilter@48c35007, org.springframework.security.web.csrf.CsrfFilter@56276db8, org.springframework.security.web.authentication.logout.LogoutFilter@58e6d4b8, org.springframework.security.web.authentication.UsernamePasswordAuthenticationFilter@21d8bcbe, org.springframework.security.web.savedrequest.RequestCacheAwareFilter@5536379e, org.springframework.security.web.servletapi.SecurityContextHolderAwareRequestFilter@1c55f277, org.springframework.security.web.authentication.AnonymousAuthenticationFilter@72a85671, org.springframework.security.web.session.SessionManagementFilter@2756c0a7, org.springframework.security.web.access.ExceptionTranslationFilter@773cbf4f, org.springframework.security.web.access.intercept.FilterSecurityInterceptor@2488b073]
INFO : org.springframework.web.servlet.mvc.method.annotation.RequestMappingHandlerMapping - Mapped "{[/board/register],methods=[POST]}" onto public java.lang.String kr.bit.controller.BoardController.register(kr.bit.entity.Board,org.springframework.web.servlet.mvc.support.RedirectAttributes)
INFO : org.springframework.web.servlet.mvc.method.annotation.RequestMappingHandlerMapping - Mapped "{[/board/content],methods=[GET]}" onto public java.lang.String kr.bit.controller.BoardController.content(int,org.springframework.ui.Model)
INFO : org.springframework.web.servlet.mvc.method.annotation.RequestMappingHandlerMapping - Mapped "{[/board/modify],methods=[POST]}" onto public java.lang.String kr.bit.controller.BoardController.modify(kr.bit.entity.Board,org.springframework.web.servlet.mvc.support.RedirectAttributes)
INFO : org.springframework.web.servlet.mvc.method.annotation.RequestMappingHandlerMapping - Mapped "{[/board/modify],methods=[GET]}" onto public java.lang.String kr.bit.controller.BoardController.modify(int,org.springframework.ui.Model)
INFO : org.springframework.web.servlet.mvc.method.annotation.RequestMappingHandlerMapping - Mapped "{[/board/cate]}" onto public java.lang.String kr.bit.controller.BoardController.getBoardList(java.lang.String,java.lang.String,java.lang.String,int,int,org.springframework.ui.Model)
INFO : org.springframework.web.servlet.mvc.method.annotation.RequestMappingHandlerMapping - Mapped "{[/board/imageUpload],methods=[POST]}" onto public org.springframework.http.ResponseEntity<?> kr.bit.controller.BoardController.imageUpload(org.springframework.web.multipart.MultipartFile) throws java.lang.IllegalStateException,java.io.IOException
INFO : org.springframework.web.servlet.mvc.method.annotation.RequestMappingHandlerMapping - Mapped "{[/board/register],methods=[GET]}" onto public java.lang.String kr.bit.controller.BoardController.registerForm()
INFO : org.springframework.web.servlet.mvc.method.annotation.RequestMappingHandlerMapping - Mapped "{[/board/delete],methods=[GET]}" onto public java.lang.String kr.bit.controller.BoardController.boardDel(int,org.springframework.web.servlet.mvc.support.RedirectAttributes)
INFO : org.springframework.web.servlet.mvc.method.annotation.RequestMappingHandlerMapping - Mapped "{[/board/count/{idx}],methods=[PUT]}" onto public void kr.bit.controller.BoardRestController.boardCount(int)
INFO : org.springframework.web.servlet.mvc.method.annotation.RequestMappingHandlerMapping - Mapped "{[/board/replylist],methods=[GET]}" onto public java.util.List<kr.bit.entity.Reply> kr.bit.controller.BoardRestController.loadReply(int)
INFO : org.springframework.web.servlet.mvc.method.annotation.RequestMappingHandlerMapping - Mapped "{[/board/replyAdd],methods=[POST]}" onto public java.util.List<kr.bit.entity.Reply> kr.bit.controller.BoardRestController.replyAdd(org.springframework.security.core.userdetails.UserDetails,int,java.lang.String)
INFO : org.springframework.web.servlet.mvc.method.annotation.RequestMappingHandlerMapping - Mapped "{[/board/replyDelete],methods=[GET]}" onto public void kr.bit.controller.BoardRestController.replyDel(int)
INFO : org.springframework.web.servlet.mvc.method.annotation.RequestMappingHandlerMapping - Mapped "{[/board/best],methods=[GET]}" onto public java.util.List<kr.bit.entity.Board> kr.bit.controller.BoardRestController.loadBest()
INFO : org.springframework.web.servlet.mvc.method.annotation.RequestMappingHandlerMapping - Mapped "{[/board/wish/{idx}],methods=[PUT]}" onto public kr.bit.entity.Board kr.bit.controller.BoardRestController.boardWish(int,org.springframework.security.core.userdetails.UserDetails)
INFO : org.springframework.web.servlet.mvc.method.annotation.RequestMappingHandlerMapping - Mapped "{[/board/reply],methods=[POST]}" onto public java.util.List<kr.bit.entity.Reply> kr.bit.controller.BoardRestController.reply(org.springframework.security.core.userdetails.UserDetails,int,java.lang.String)
INFO : org.springframework.web.servlet.mvc.method.annotation.RequestMappingHandlerMapping - Mapped "{[/]}" onto public java.lang.String kr.bit.controller.MainController.main()
INFO : org.springframework.web.servlet.mvc.method.annotation.RequestMappingHandlerMapping - Mapped "{[/user/join],methods=[POST]}" onto public java.lang.String kr.bit.controller.UserController.join(kr.bit.entity.User,org.springframework.web.servlet.mvc.support.RedirectAttributes)
INFO : org.springframework.web.servlet.mvc.method.annotation.RequestMappingHandlerMapping - Mapped "{[/user/delete],methods=[POST]}" onto public java.lang.String kr.bit.controller.UserController.delete(kr.bit.entity.User,javax.servlet.http.HttpSession,org.springframework.web.servlet.mvc.support.RedirectAttributes)
INFO : org.springframework.web.servlet.mvc.method.annotation.RequestMappingHandlerMapping - Mapped "{[/user/modify],methods=[POST]}" onto public java.lang.String kr.bit.controller.UserController.modify(kr.bit.entity.User,org.springframework.web.servlet.mvc.support.RedirectAttributes)
INFO : org.springframework.web.servlet.mvc.method.annotation.RequestMappingHandlerMapping - Mapped "{[/user/login],methods=[GET]}" onto public java.lang.String kr.bit.controller.UserController.loginForm()
INFO : org.springframework.web.servlet.mvc.method.annotation.RequestMappingHandlerMapping - Mapped "{[/user/editPage],methods=[GET]}" onto public java.lang.String kr.bit.controller.UserController.editPage()
INFO : org.springframework.web.servlet.mvc.method.annotation.RequestMappingHandlerMapping - Mapped "{[/user/modify],methods=[GET]}" onto public java.lang.String kr.bit.controller.UserController.modifyForm()
INFO : org.springframework.web.servlet.mvc.method.annotation.RequestMappingHandlerMapping - Mapped "{[/user/userCheck],methods=[GET]}" onto public int kr.bit.controller.UserController.userCheck(java.lang.String)
INFO : org.springframework.web.servlet.mvc.method.annotation.RequestMappingHandlerMapping - Mapped "{[/user/wishList],methods=[GET]}" onto public java.lang.String kr.bit.controller.UserController.wishList(org.springframework.security.core.userdetails.UserDetails,org.springframework.ui.Model)
INFO : org.springframework.web.servlet.mvc.method.annotation.RequestMappingHandlerMapping - Mapped "{[/user/delete],methods=[GET]}" onto public java.lang.String kr.bit.controller.UserController.deleteForm()
INFO : org.springframework.web.servlet.mvc.method.annotation.RequestMappingHandlerMapping - Mapped "{[/user/signUp],methods=[GET]}" onto public java.lang.String kr.bit.controller.UserController.signUp()
INFO : org.springframework.web.servlet.mvc.method.annotation.RequestMappingHandlerMapping - Mapped "{[/user/access-denied],methods=[GET]}" onto public java.lang.String kr.bit.controller.UserController.showAccessDenied()
INFO : org.springframework.web.servlet.mvc.method.annotation.RequestMappingHandlerMapping - Mapped "{[/user/profileUpdate],methods=[POST]}" onto public java.lang.String kr.bit.controller.UserController.profileUpdate(org.springframework.web.multipart.MultipartFile,java.lang.String,javax.servlet.http.HttpServletRequest,org.springframework.web.servlet.mvc.support.RedirectAttributes)
INFO : org.springframework.web.servlet.mvc.method.annotation.RequestMappingHandlerMapping - Mapped "{[/user/profileForm],methods=[GET]}" onto public java.lang.String kr.bit.controller.UserController.profileForm()
INFO : org.springframework.web.servlet.handler.SimpleUrlHandlerMapping - Mapped URL path [/resources/**] onto handler of type [class org.springframework.web.servlet.resource.ResourceHttpRequestHandler]
INFO : org.springframework.web.servlet.handler.SimpleUrlHandlerMapping - Mapped URL path [/css/**] onto handler of type [class org.springframework.web.servlet.resource.ResourceHttpRequestHandler]
INFO : org.springframework.web.servlet.handler.SimpleUrlHandlerMapping - Mapped URL path [/images/**] onto handler of type [class org.springframework.web.servlet.resource.ResourceHttpRequestHandler]
INFO : org.springframework.web.servlet.mvc.method.annotation.RequestMappingHandlerAdapter - Looking for @ControllerAdvice: org.springframework.web.context.support.GenericWebApplicationContext@1fc2b765: startup date [Tue Feb 25 15:54:18 KST 2025]; root of context hierarchy
INFO : org.springframework.mock.web.MockServletContext - Initializing Spring FrameworkServlet ''
INFO : org.springframework.test.web.servlet.TestDispatcherServlet - FrameworkServlet '': initialization started
INFO : org.springframework.test.web.servlet.TestDispatcherServlet - FrameworkServlet '': initialization completed in 44 ms
WARN : org.springframework.web.servlet.PageNotFound - No mapping found for HTTP request with URI [/board/list] in DispatcherServlet with name ''
]]></system-out>
  </testcase>
</testsuite>